<?xml version="1.0" encoding="UTF-8"?>
<!-- Generated by org.testng.reporters.JUnitXMLReporter -->
<testsuite hostname="INFAR51631" ignored="0" name="Default test" tests="4" failures="0" timestamp="2020-02-11T19:58:21 IST" time="90.722" errors="0">
  <testcase name="test_tour_cashweekly" time="15.358" classname="projects.fox.tests.foxaitest"/>
  <testcase name="test_tour_revenue" time="31.396" classname="projects.fox.tests.foxaitest"/>
  <testcase name="test_tour_inventory" time="13.512" classname="projects.fox.tests.foxaitest"/>
  <testcase name="test_target_audience_builder" time="14.869" classname="projects.fox.tests.foxaitest"/>
</testsuite> <!-- Default test -->
