<?xml version="1.0" encoding="UTF-8"?>
<testng-results skipped="0" failed="0" ignored="0" total="4" passed="4">
  <reporter-output>
    <line>
      <![CDATA[Tour Cash weekly Icon Found<br />]]>
    </line>
    <line>
      <![CDATA[CY Booked value Verified<br />]]>
    </line>
    <line>
      <![CDATA[Current Forecast Total value Verified<br />]]>
    </line>
    <line>
      <![CDATA[PY Booked Percentage value Verified<br />]]>
    </line>
    <line>
      <![CDATA[Total Ad Sales Velocity value Verified<br />]]>
    </line>
    <line>
      <![CDATA[Tour Revenue Icon Found<br />]]>
    </line>
    <line>
      <![CDATA[Tour Inventory Icon Found<br />]]>
    </line>
    <line>
      <![CDATA[Target Audience Builder Icon Found<br />]]>
    </line>
  </reporter-output>
  <suite name="Default suite" duration-ms="90722" started-at="2020-02-11T19:56:50 IST" finished-at="2020-02-11T19:58:21 IST">
    <groups>
    </groups>
    <test name="Default test" duration-ms="90722" started-at="2020-02-11T19:56:50 IST" finished-at="2020-02-11T19:58:21 IST">
      <class name="projects.fox.tests.foxaitest">
        <test-method status="PASS" signature="preinit()[pri:0, instance:projects.fox.tests.foxaitest@60285225]" name="preinit" is-config="true" duration-ms="212" started-at="2020-02-11T19:56:50 IST" finished-at="2020-02-11T19:56:50 IST">
          <reporter-output>
          </reporter-output>
        </test-method> <!-- preinit -->
        <test-method status="PASS" signature="init(org.testng.ITestContext)[pri:0, instance:projects.fox.tests.foxaitest@60285225]" name="init" is-config="true" duration-ms="12712" started-at="2020-02-11T19:56:50 IST" finished-at="2020-02-11T19:57:03 IST">
          <params>
            <param index="0">
              <value>
                <![CDATA[org.testng.TestRunner@6e4ea0bd]]>
              </value>
            </param>
          </params>
          <reporter-output>
          </reporter-output>
        </test-method> <!-- init -->
        <test-method status="PASS" signature="test()[pri:0, instance:projects.fox.tests.foxaitest@60285225]" name="test" is-config="true" duration-ms="876" started-at="2020-02-11T19:57:03 IST" finished-at="2020-02-11T19:57:04 IST">
          <reporter-output>
          </reporter-output>
        </test-method> <!-- test -->
        <test-method status="PASS" signature="extent(java.lang.reflect.Method)[pri:0, instance:projects.fox.tests.foxaitest@60285225]" name="extent" is-config="true" duration-ms="5" started-at="2020-02-11T19:57:04 IST" finished-at="2020-02-11T19:57:04 IST">
          <params>
            <param index="0">
              <value>
                <![CDATA[public void projects.fox.tests.foxaitest.test_tour_cashweekly(java.util.Hashtable) throws java.lang.InterruptedException]]>
              </value>
            </param>
          </params>
          <reporter-output>
          </reporter-output>
        </test-method> <!-- extent -->
        <test-method status="PASS" signature="test_tour_cashweekly(java.util.Hashtable)[pri:0, instance:projects.fox.tests.foxaitest@60285225]" name="test_tour_cashweekly" duration-ms="15358" started-at="2020-02-11T19:57:04 IST" description="Cash Weekly Data" data-provider="ExcelTestData" finished-at="2020-02-11T19:57:19 IST">
          <params>
            <param index="0">
              <value>
                <![CDATA[{TestData2=$4,279.8, TestData1=$658.7, TestName=test_tour_cashweekly, TestData4=$53.2, TestData3=91.1%}]]>
              </value>
            </param>
          </params>
          <reporter-output>
            <line>
              <![CDATA[Tour Cash weekly Icon Found<br />]]>
            </line>
            <line>
              <![CDATA[CY Booked value Verified<br />]]>
            </line>
            <line>
              <![CDATA[Current Forecast Total value Verified<br />]]>
            </line>
            <line>
              <![CDATA[PY Booked Percentage value Verified<br />]]>
            </line>
            <line>
              <![CDATA[Total Ad Sales Velocity value Verified<br />]]>
            </line>
          </reporter-output>
        </test-method> <!-- test_tour_cashweekly -->
        <test-method status="PASS" signature="getResult(org.testng.ITestResult, java.lang.reflect.Method)[pri:0, instance:projects.fox.tests.foxaitest@60285225]" name="getResult" is-config="true" duration-ms="10" started-at="2020-02-11T19:57:19 IST" finished-at="2020-02-11T19:57:19 IST">
          <params>
            <param index="0">
              <value>
                <![CDATA[[TestResult name=test_tour_cashweekly status=SUCCESS method=foxaitest.test_tour_cashweekly(java.util.Hashtable)[pri:0, instance:projects.fox.tests.foxaitest@60285225] output=Tour Cash weekly Icon Found<br />]]]>
              </value>
            </param>
            <param index="1">
              <value>
                <![CDATA[public void projects.fox.tests.foxaitest.test_tour_cashweekly(java.util.Hashtable) throws java.lang.InterruptedException]]>
              </value>
            </param>
          </params>
          <reporter-output>
          </reporter-output>
        </test-method> <!-- getResult -->
        <test-method status="PASS" signature="extent(java.lang.reflect.Method)[pri:0, instance:projects.fox.tests.foxaitest@60285225]" name="extent" is-config="true" duration-ms="1" started-at="2020-02-11T19:57:19 IST" finished-at="2020-02-11T19:57:19 IST">
          <params>
            <param index="0">
              <value>
                <![CDATA[public void projects.fox.tests.foxaitest.test_tour_revenue() throws java.lang.InterruptedException]]>
              </value>
            </param>
          </params>
          <reporter-output>
          </reporter-output>
        </test-method> <!-- extent -->
        <test-method status="PASS" signature="test_tour_revenue()[pri:1, instance:projects.fox.tests.foxaitest@60285225]" name="test_tour_revenue" duration-ms="31396" started-at="2020-02-11T19:57:19 IST" finished-at="2020-02-11T19:57:51 IST">
          <reporter-output>
            <line>
              <![CDATA[Tour Revenue Icon Found<br />]]>
            </line>
          </reporter-output>
        </test-method> <!-- test_tour_revenue -->
        <test-method status="PASS" signature="getResult(org.testng.ITestResult, java.lang.reflect.Method)[pri:0, instance:projects.fox.tests.foxaitest@60285225]" name="getResult" is-config="true" duration-ms="1" started-at="2020-02-11T19:57:51 IST" finished-at="2020-02-11T19:57:51 IST">
          <params>
            <param index="0">
              <value>
                <![CDATA[[TestResult name=test_tour_revenue status=SUCCESS method=foxaitest.test_tour_revenue()[pri:1, instance:projects.fox.tests.foxaitest@60285225] output=Tour Revenue Icon Found<br />]]]>
              </value>
            </param>
            <param index="1">
              <value>
                <![CDATA[public void projects.fox.tests.foxaitest.test_tour_revenue() throws java.lang.InterruptedException]]>
              </value>
            </param>
          </params>
          <reporter-output>
          </reporter-output>
        </test-method> <!-- getResult -->
        <test-method status="PASS" signature="extent(java.lang.reflect.Method)[pri:0, instance:projects.fox.tests.foxaitest@60285225]" name="extent" is-config="true" duration-ms="1" started-at="2020-02-11T19:57:51 IST" finished-at="2020-02-11T19:57:51 IST">
          <params>
            <param index="0">
              <value>
                <![CDATA[public void projects.fox.tests.foxaitest.test_tour_inventory() throws java.lang.InterruptedException]]>
              </value>
            </param>
          </params>
          <reporter-output>
          </reporter-output>
        </test-method> <!-- extent -->
        <test-method status="PASS" signature="test_tour_inventory()[pri:2, instance:projects.fox.tests.foxaitest@60285225]" name="test_tour_inventory" duration-ms="13512" started-at="2020-02-11T19:57:51 IST" finished-at="2020-02-11T19:58:04 IST">
          <reporter-output>
            <line>
              <![CDATA[Tour Inventory Icon Found<br />]]>
            </line>
          </reporter-output>
        </test-method> <!-- test_tour_inventory -->
        <test-method status="PASS" signature="getResult(org.testng.ITestResult, java.lang.reflect.Method)[pri:0, instance:projects.fox.tests.foxaitest@60285225]" name="getResult" is-config="true" duration-ms="1" started-at="2020-02-11T19:58:04 IST" finished-at="2020-02-11T19:58:04 IST">
          <params>
            <param index="0">
              <value>
                <![CDATA[[TestResult name=test_tour_inventory status=SUCCESS method=foxaitest.test_tour_inventory()[pri:2, instance:projects.fox.tests.foxaitest@60285225] output=Tour Inventory Icon Found<br />]]]>
              </value>
            </param>
            <param index="1">
              <value>
                <![CDATA[public void projects.fox.tests.foxaitest.test_tour_inventory() throws java.lang.InterruptedException]]>
              </value>
            </param>
          </params>
          <reporter-output>
          </reporter-output>
        </test-method> <!-- getResult -->
        <test-method status="PASS" signature="extent(java.lang.reflect.Method)[pri:0, instance:projects.fox.tests.foxaitest@60285225]" name="extent" is-config="true" duration-ms="1" started-at="2020-02-11T19:58:04 IST" finished-at="2020-02-11T19:58:04 IST">
          <params>
            <param index="0">
              <value>
                <![CDATA[public void projects.fox.tests.foxaitest.test_target_audience_builder() throws java.lang.InterruptedException]]>
              </value>
            </param>
          </params>
          <reporter-output>
          </reporter-output>
        </test-method> <!-- extent -->
        <test-method status="PASS" signature="test_target_audience_builder()[pri:3, instance:projects.fox.tests.foxaitest@60285225]" name="test_target_audience_builder" duration-ms="14869" started-at="2020-02-11T19:58:04 IST" finished-at="2020-02-11T19:58:19 IST">
          <reporter-output>
            <line>
              <![CDATA[Target Audience Builder Icon Found<br />]]>
            </line>
          </reporter-output>
        </test-method> <!-- test_target_audience_builder -->
        <test-method status="PASS" signature="getResult(org.testng.ITestResult, java.lang.reflect.Method)[pri:0, instance:projects.fox.tests.foxaitest@60285225]" name="getResult" is-config="true" duration-ms="2" started-at="2020-02-11T19:58:19 IST" finished-at="2020-02-11T19:58:19 IST">
          <params>
            <param index="0">
              <value>
                <![CDATA[[TestResult name=test_target_audience_builder status=SUCCESS method=foxaitest.test_target_audience_builder()[pri:3, instance:projects.fox.tests.foxaitest@60285225] output=Target Audience Builder Icon Found<br />]]]>
              </value>
            </param>
            <param index="1">
              <value>
                <![CDATA[public void projects.fox.tests.foxaitest.test_target_audience_builder() throws java.lang.InterruptedException]]>
              </value>
            </param>
          </params>
          <reporter-output>
          </reporter-output>
        </test-method> <!-- getResult -->
        <test-method status="PASS" signature="tearDown()[pri:0, instance:projects.fox.tests.foxaitest@60285225]" name="tearDown" is-config="true" duration-ms="1585" started-at="2020-02-11T19:58:19 IST" finished-at="2020-02-11T19:58:21 IST">
          <reporter-output>
          </reporter-output>
        </test-method> <!-- tearDown -->
      </class> <!-- projects.fox.tests.foxaitest -->
    </test> <!-- Default test -->
  </suite> <!-- Default suite -->
</testng-results>
